<?xml version="1.0" encoding="UTF-8"?>
<!-- Generated by org.testng.reporters.JUnitXMLReporter -->
<testsuite ignored="0" hostname="del1-lhp-n78163" failures="0" tests="3" name="Default test" time="0.069" errors="0" timestamp="2022-04-26T12:20:39 IST">
  <testcase classname="tests.Amazon_test_1" name="test1" time="0.008"/>
  <testcase classname="tests.Amazon_test_1" name="test2" time="0.005"/>
  <testcase classname="tests.Amazon_test_1" name="test3" time="0.001"/>
</testsuite> <!-- Default test -->
