<?xml version="1.0" encoding="UTF-8"?>
<testsuite xmlns:xsi="http://www.w3.org/2001/XMLSchema-instance" xsi:noNamespaceSchemaLocation="https://maven.apache.org/surefire/maven-surefire-plugin/xsd/surefire-test-report-3.0.xsd" version="3.0" name="TestSuite" time="253.81" tests="6" errors="0" skipped="0" failures="1">
  <properties>
[...]
</properties>
  <testcase name="login_test[6305804194, Ramakotaiah@123](1)" classname="tests.Amazon_login_test" time="27.715">
    <system-out><![CDATA[Creatring Date with Time folder under Results
[INFO ] 2022-05-05 18:16:07.872 [main] TestListeners - Execution Started at 05-05-2022 06-16-07
[INFO ] 2022-05-05 18:16:22.965 [main] TestListeners - application opened in chrome
[INFO ] 2022-05-05 18:16:23.002 [main] TestListeners - ********* login_test Started *********
[INFO ] 2022-05-05 18:16:26.114 [main] TestListeners - Click on signIn button
[INFO ] 2022-05-05 18:16:26.125 [main] TestListeners - Login Page Title: Amazon Sign In
[INFO ] 2022-05-05 18:16:26.126 [main] TestListeners - Login Page Title Validation Success
[INFO ] 2022-05-05 18:16:26.188 [main] TestListeners - Enter username
[INFO ] 2022-05-05 18:16:50.710 [main] TestListeners - ********* login_test Success *********
]]></system-out>
    <system-err><![CDATA[SLF4J: Failed to load class "org.slf4j.impl.StaticLoggerBinder".
SLF4J: Defaulting to no-operation (NOP) logger implementation
SLF4J: See http://www.slf4j.org/codes.html#StaticLoggerBinder for further details.
Starting ChromeDriver 101.0.4951.41 (93c720db8323b3ec10d056025ab95c23a31997c9-refs/branch-heads/4951@{#904}) on port 61188
Only local connections are allowed.
Please see https://chromedriver.chromium.org/security-considerations for suggestions on keeping ChromeDriver safe.
ChromeDriver was started successfully.
May 05, 2022 6:16:11 PM org.openqa.selenium.remote.ProtocolHandshake createSession
INFO: Detected dialect: W3C
May 05, 2022 6:16:11 PM org.openqa.selenium.devtools.CdpVersionFinder findNearestMatch
WARNING: Unable to find an exact match for CDP version 101, so returning the closest version found: 99
May 05, 2022 6:16:11 PM org.openqa.selenium.devtools.CdpVersionFinder findNearestMatch
INFO: Found CDP implementation for version 101 of 99
]]></system-err>
  </testcase>
  <testcase name="login_test[6305804194, Ramakotaiah](2)" classname="tests.Amazon_login_test" time="14.588">
    <system-out><![CDATA[[INFO ] 2022-05-05 18:16:51.822 [main] TestListeners - Closing all opened browsers
[INFO ] 2022-05-05 18:17:05.652 [main] TestListeners - application opened in chrome
[INFO ] 2022-05-05 18:17:05.656 [main] TestListeners - ********* login_test Started *********
[INFO ] 2022-05-05 18:17:07.319 [main] TestListeners - Click on signIn button
[INFO ] 2022-05-05 18:17:07.328 [main] TestListeners - Login Page Title: Amazon Sign In
[INFO ] 2022-05-05 18:17:07.329 [main] TestListeners - Login Page Title Validation Success
[INFO ] 2022-05-05 18:17:07.384 [main] TestListeners - Enter username
[INFO ] 2022-05-05 18:17:20.244 [main] TestListeners - ********* login_test Success *********
]]></system-out>
    <system-err><![CDATA[Starting ChromeDriver 101.0.4951.41 (93c720db8323b3ec10d056025ab95c23a31997c9-refs/branch-heads/4951@{#904}) on port 49761
Only local connections are allowed.
Please see https://chromedriver.chromium.org/security-considerations for suggestions on keeping ChromeDriver safe.
ChromeDriver was started successfully.
May 05, 2022 6:16:53 PM org.openqa.selenium.remote.ProtocolHandshake createSession
INFO: Detected dialect: W3C
May 05, 2022 6:16:53 PM org.openqa.selenium.devtools.CdpVersionFinder findNearestMatch
WARNING: Unable to find an exact match for CDP version 101, so returning the closest version found: 99
May 05, 2022 6:16:53 PM org.openqa.selenium.devtools.CdpVersionFinder findNearestMatch
INFO: Found CDP implementation for version 101 of 99
]]></system-err>
  </testcase>
  <testcase name="login_test[Ramakotaiah, Ramakotaiah@123](3)" classname="tests.Amazon_login_test" time="2.239">
    <system-out><![CDATA[[INFO ] 2022-05-05 18:17:21.303 [main] TestListeners - Closing all opened browsers
[INFO ] 2022-05-05 18:17:31.525 [main] TestListeners - application opened in chrome
[INFO ] 2022-05-05 18:17:31.528 [main] TestListeners - ********* login_test Started *********
[INFO ] 2022-05-05 18:17:32.892 [main] TestListeners - Click on signIn button
[INFO ] 2022-05-05 18:17:32.901 [main] TestListeners - Login Page Title: Amazon Sign In
[INFO ] 2022-05-05 18:17:32.901 [main] TestListeners - Login Page Title Validation Success
[INFO ] 2022-05-05 18:17:32.950 [main] TestListeners - Enter username
[INFO ] 2022-05-05 18:17:33.767 [main] TestListeners - ********* login_test Success *********
]]></system-out>
    <system-err><![CDATA[Starting ChromeDriver 101.0.4951.41 (93c720db8323b3ec10d056025ab95c23a31997c9-refs/branch-heads/4951@{#904}) on port 51862
Only local connections are allowed.
Please see https://chromedriver.chromium.org/security-considerations for suggestions on keeping ChromeDriver safe.
ChromeDriver was started successfully.
May 05, 2022 6:17:22 PM org.openqa.selenium.remote.ProtocolHandshake createSession
INFO: Detected dialect: W3C
May 05, 2022 6:17:22 PM org.openqa.selenium.devtools.CdpVersionFinder findNearestMatch
WARNING: Unable to find an exact match for CDP version 101, so returning the closest version found: 99
May 05, 2022 6:17:22 PM org.openqa.selenium.devtools.CdpVersionFinder findNearestMatch
INFO: Found CDP implementation for version 101 of 99
]]></system-err>
  </testcase>
  <testcase name="addToCart_Test[redmi note 11](1)" classname="tests.Cart_test" time="30.209">
    <system-out><![CDATA[[INFO ] 2022-05-05 18:17:34.738 [main] TestListeners - Closing all opened browsers
[INFO ] 2022-05-05 18:17:42.311 [main] TestListeners - application opened in chrome
[INFO ] 2022-05-05 18:17:42.315 [main] TestListeners - ********* addToCart_Test Started *********
[INFO ] 2022-05-05 18:18:12.524 [main] TestListeners - ********* addToCart_Test Success *********
]]></system-out>
    <system-err><![CDATA[Starting ChromeDriver 101.0.4951.41 (93c720db8323b3ec10d056025ab95c23a31997c9-refs/branch-heads/4951@{#904}) on port 51142
Only local connections are allowed.
Please see https://chromedriver.chromium.org/security-considerations for suggestions on keeping ChromeDriver safe.
ChromeDriver was started successfully.
May 05, 2022 6:17:36 PM org.openqa.selenium.remote.ProtocolHandshake createSession
INFO: Detected dialect: W3C
May 05, 2022 6:17:36 PM org.openqa.selenium.devtools.CdpVersionFinder findNearestMatch
WARNING: Unable to find an exact match for CDP version 101, so returning the closest version found: 99
May 05, 2022 6:17:36 PM org.openqa.selenium.devtools.CdpVersionFinder findNearestMatch
INFO: Found CDP implementation for version 101 of 99
]]></system-err>
  </testcase>
  <testcase name="RemoveFromCart_Test[redmi note 11](1)" classname="tests.Cart_test" time="26.655">
    <failure message="expected [true] but found [false]" type="java.lang.AssertionError"><![CDATA[java.lang.AssertionError: expected [true] but found [false]
	at org.testng.Assert.fail(Assert.java:110)
	at org.testng.Assert.failNotEquals(Assert.java:1413)
	at org.testng.Assert.assertTrue(Assert.java:56)
	at org.testng.Assert.assertTrue(Assert.java:66)
	at tests.Cart_test.RemoveFromCart_Test(Cart_test.java:32)
	at sun.reflect.NativeMethodAccessorImpl.invoke0(Native Method)
	at sun.reflect.NativeMethodAccessorImpl.invoke(NativeMethodAccessorImpl.java:62)
	at sun.reflect.DelegatingMethodAccessorImpl.invoke(DelegatingMethodAccessorImpl.java:43)
	at java.lang.reflect.Method.invoke(Method.java:498)
	at org.testng.internal.invokers.MethodInvocationHelper.invokeMethod(MethodInvocationHelper.java:135)
	at org.testng.internal.invokers.TestInvoker.invokeMethod(TestInvoker.java:673)
	at org.testng.internal.invokers.TestInvoker.invokeTestMethod(TestInvoker.java:220)
	at org.testng.internal.invokers.MethodRunner.runInSequence(MethodRunner.java:50)
	at org.testng.internal.invokers.TestInvoker$MethodInvocationAgent.invoke(TestInvoker.java:945)
	at org.testng.internal.invokers.TestInvoker.invokeTestMethods(TestInvoker.java:193)
	at org.testng.internal.invokers.TestMethodWorker.invokeTestMethods(TestMethodWorker.java:146)
	at org.testng.internal.invokers.TestMethodWorker.run(TestMethodWorker.java:128)
	at java.util.ArrayList.forEach(ArrayList.java:1257)
	at org.testng.TestRunner.privateRun(TestRunner.java:808)
	at org.testng.TestRunner.run(TestRunner.java:603)
	at org.testng.SuiteRunner.runTest(SuiteRunner.java:429)
	at org.testng.SuiteRunner.runSequentially(SuiteRunner.java:423)
	at org.testng.SuiteRunner.privateRun(SuiteRunner.java:383)
	at org.testng.SuiteRunner.run(SuiteRunner.java:326)
	at org.testng.SuiteRunnerWorker.runSuite(SuiteRunnerWorker.java:52)
	at org.testng.SuiteRunnerWorker.run(SuiteRunnerWorker.java:95)
	at org.testng.TestNG.runSuitesSequentially(TestNG.java:1249)
	at org.testng.TestNG.runSuitesLocally(TestNG.java:1169)
	at org.testng.TestNG.runSuites(TestNG.java:1092)
	at org.testng.TestNG.run(TestNG.java:1060)
	at org.apache.maven.surefire.testng.TestNGExecutor.run(TestNGExecutor.java:324)
	at org.apache.maven.surefire.testng.TestNGXmlTestSuite.execute(TestNGXmlTestSuite.java:74)
	at org.apache.maven.surefire.testng.TestNGProvider.invoke(TestNGProvider.java:123)
	at org.apache.maven.surefire.booter.ForkedBooter.runSuitesInProcess(ForkedBooter.java:456)
	at org.apache.maven.surefire.booter.ForkedBooter.execute(ForkedBooter.java:169)
	at org.apache.maven.surefire.booter.ForkedBooter.run(ForkedBooter.java:595)
	at org.apache.maven.surefire.booter.ForkedBooter.main(ForkedBooter.java:581)
]]></failure>
    <system-out><![CDATA[[INFO ] 2022-05-05 18:18:13.600 [main] TestListeners - Closing all opened browsers
[INFO ] 2022-05-05 18:18:20.488 [main] TestListeners - application opened in chrome
[INFO ] 2022-05-05 18:18:20.490 [main] TestListeners - ********* RemoveFromCart_Test Started *********
[INFO ] 2022-05-05 18:18:47.016 [main] TestListeners - ********* RemoveFromCart_Test Failed *********
[ERROR] 2022-05-05 18:18:47.017 [main] TestListeners - java.lang.AssertionError: expected [true] but found [false]
]]></system-out>
    <system-err><![CDATA[Starting ChromeDriver 101.0.4951.41 (93c720db8323b3ec10d056025ab95c23a31997c9-refs/branch-heads/4951@{#904}) on port 53324
Only local connections are allowed.
Please see https://chromedriver.chromium.org/security-considerations for suggestions on keeping ChromeDriver safe.
ChromeDriver was started successfully.
May 05, 2022 6:18:15 PM org.openqa.selenium.remote.ProtocolHandshake createSession
INFO: Detected dialect: W3C
May 05, 2022 6:18:15 PM org.openqa.selenium.devtools.CdpVersionFinder findNearestMatch
WARNING: Unable to find an exact match for CDP version 101, so returning the closest version found: 99
May 05, 2022 6:18:15 PM org.openqa.selenium.devtools.CdpVersionFinder findNearestMatch
INFO: Found CDP implementation for version 101 of 99
]]></system-err>
  </testcase>
  <testcase name="subTotalAmountValidation[redmi note 11, iphone 13 pro max](1)" classname="tests.Cart_test" time="41.585">
    <system-out><![CDATA[[INFO ] 2022-05-05 18:18:48.209 [main] TestListeners - Closing all opened browsers
[INFO ] 2022-05-05 18:18:53.891 [main] TestListeners - application opened in chrome
[INFO ] 2022-05-05 18:18:53.894 [main] TestListeners - ********* product_Price_Validation Started *********
[INFO ] 2022-05-05 18:19:27.622 [main] TestListeners - ********* product_Price_Validation Failed *********
[ERROR] 2022-05-05 18:19:27.623 [main] TestListeners - org.openqa.selenium.NoSuchElementException: no such element: Unable to locate element: {"method":"xpath","selector":"//span[@class='a-price sc-product-price']//span[@class='a-price-whole']"}
  (Session info: chrome=101.0.4951.41)
For documentation on this error, please visit: https://selenium.dev/exceptions/#no_such_element
Build info: version: '4.1.3', revision: '7b1ebf28ef'
System info: host: 'MAVCHN1121513', ip: '192.168.43.97', os.name: 'Windows 10', os.arch: 'amd64', os.version: '10.0', java.version: '1.8.0_241'
Driver info: org.openqa.selenium.chrome.ChromeDriver
Command: [d060178d1f00bec214a351060f64b3ed, findElement {using=xpath, value=//span[@class='a-price sc-product-price']//span[@class='a-price-whole']}]
Capabilities {acceptInsecureCerts: false, browserName: chrome, browserVersion: 101.0.4951.41, chrome: {chromedriverVersion: 101.0.4951.41 (93c720db8323..., userDataDir: C:\Users\ramug\AppData\Loca...}, goog:chromeOptions: {debuggerAddress: localhost:56028}, javascriptEnabled: true, networkConnectionEnabled: false, pageLoadStrategy: normal, platform: WINDOWS, platformName: WINDOWS, proxy: Proxy(), se:cdp: ws://localhost:56028/devtoo..., se:cdpVersion: 101.0.4951.41, setWindowRect: true, strictFileInteractability: false, timeouts: {implicit: 0, pageLoad: 300000, script: 30000}, unhandledPromptBehavior: dismiss and notify, webauthn:extension:credBlob: true, webauthn:extension:largeBlob: true, webauthn:virtualAuthenticators: true}
Session ID: d060178d1f00bec214a351060f64b3ed
[INFO ] 2022-05-05 18:19:28.857 [main] TestListeners - Closing all opened browsers
[INFO ] 2022-05-05 18:19:37.790 [main] TestListeners - application opened in chrome
[INFO ] 2022-05-05 18:19:37.793 [main] TestListeners - ********* subTotalAmountValidation Started *********
[INFO ] 2022-05-05 18:20:19.378 [main] TestListeners - ********* subTotalAmountValidation Success *********
]]></system-out>
    <system-err><![CDATA[Starting ChromeDriver 101.0.4951.41 (93c720db8323b3ec10d056025ab95c23a31997c9-refs/branch-heads/4951@{#904}) on port 62314
Only local connections are allowed.
Please see https://chromedriver.chromium.org/security-considerations for suggestions on keeping ChromeDriver safe.
ChromeDriver was started successfully.
May 05, 2022 6:18:49 PM org.openqa.selenium.remote.ProtocolHandshake createSession
INFO: Detected dialect: W3C
May 05, 2022 6:18:49 PM org.openqa.selenium.devtools.CdpVersionFinder findNearestMatch
WARNING: Unable to find an exact match for CDP version 101, so returning the closest version found: 99
May 05, 2022 6:18:49 PM org.openqa.selenium.devtools.CdpVersionFinder findNearestMatch
INFO: Found CDP implementation for version 101 of 99
Starting ChromeDriver 101.0.4951.41 (93c720db8323b3ec10d056025ab95c23a31997c9-refs/branch-heads/4951@{#904}) on port 49997
Only local connections are allowed.
Please see https://chromedriver.chromium.org/security-considerations for suggestions on keeping ChromeDriver safe.
ChromeDriver was started successfully.
May 05, 2022 6:19:30 PM org.openqa.selenium.remote.ProtocolHandshake createSession
INFO: Detected dialect: W3C
May 05, 2022 6:19:30 PM org.openqa.selenium.devtools.CdpVersionFinder findNearestMatch
WARNING: Unable to find an exact match for CDP version 101, so returning the closest version found: 99
May 05, 2022 6:19:30 PM org.openqa.selenium.devtools.CdpVersionFinder findNearestMatch
INFO: Found CDP implementation for version 101 of 99
]]></system-err>
  </testcase>
</testsuite>