<?xml version="1.0" encoding="UTF-8"?>
<testng-results ignored="0" total="1" passed="1" failed="0" skipped="0">
  <reporter-output>
  </reporter-output>
  <suite started-at="2022-04-27T11:03:07 IST" name="amazon-test" finished-at="2022-04-27T11:03:25 IST" duration-ms="18760">
    <groups>
    </groups>
    <test started-at="2022-04-27T11:03:07 IST" name="Test" finished-at="2022-04-27T11:03:25 IST" duration-ms="18760">
      <class name="tests.Amazon_test_1">
        <test-method is-config="true" signature="setup()[pri:0, instance:tests.Amazon_test_1@4f2b503c]" started-at="2022-04-27T11:03:07 IST" name="setup" finished-at="2022-04-27T11:03:24 IST" duration-ms="17576" status="PASS">
          <reporter-output>
          </reporter-output>
        </test-method> <!-- setup -->
        <test-method signature="amazon_HamePage_Title_Verification()[pri:0, instance:tests.Amazon_test_1@4f2b503c]" started-at="2022-04-27T11:03:24 IST" name="amazon_HamePage_Title_Verification" finished-at="2022-04-27T11:03:25 IST" duration-ms="432" status="PASS">
          <reporter-output>
          </reporter-output>
        </test-method> <!-- amazon_HamePage_Title_Verification -->
        <test-method is-config="true" signature="tearDown()[pri:0, instance:tests.Amazon_test_1@4f2b503c]" started-at="2022-04-27T11:03:25 IST" name="tearDown" finished-at="2022-04-27T11:03:25 IST" duration-ms="691" status="PASS">
          <reporter-output>
          </reporter-output>
        </test-method> <!-- tearDown -->
      </class> <!-- tests.Amazon_test_1 -->
    </test> <!-- Test -->
  </suite> <!-- amazon-test -->
</testng-results>
