<?xml version="1.0" encoding="UTF-8"?>
<testng-results skipped="0" failed="0" ignored="0" total="3" passed="3">
  <reporter-output>
  </reporter-output>
  <suite name="amazon-test" duration-ms="31" started-at="2022-04-26T12:50:19 IST" finished-at="2022-04-26T12:50:19 IST">
    <groups>
    </groups>
    <test name="Test" duration-ms="31" started-at="2022-04-26T12:50:19 IST" finished-at="2022-04-26T12:50:19 IST">
      <class name="tests.Amazon_test_1">
        <test-method status="PASS" signature="test1()[pri:0, instance:tests.Amazon_test_1@9a7504c]" name="test1" duration-ms="4" started-at="2022-04-26T12:50:19 IST" finished-at="2022-04-26T12:50:19 IST">
          <reporter-output>
          </reporter-output>
        </test-method> <!-- test1 -->
        <test-method status="PASS" signature="test2()[pri:0, instance:tests.Amazon_test_1@9a7504c]" name="test2" duration-ms="1" started-at="2022-04-26T12:50:19 IST" finished-at="2022-04-26T12:50:19 IST">
          <reporter-output>
          </reporter-output>
        </test-method> <!-- test2 -->
        <test-method status="PASS" signature="test3()[pri:0, instance:tests.Amazon_test_1@9a7504c]" name="test3" duration-ms="0" started-at="2022-04-26T12:50:19 IST" finished-at="2022-04-26T12:50:19 IST">
          <reporter-output>
          </reporter-output>
        </test-method> <!-- test3 -->
      </class> <!-- tests.Amazon_test_1 -->
    </test> <!-- Test -->
  </suite> <!-- amazon-test -->
</testng-results>
