<?xml version="1.0" encoding="UTF-8"?>
<testng-results ignored="0" total="3" passed="3" failed="0" skipped="0">
  <reporter-output>
  </reporter-output>
  <suite started-at="2022-04-26T12:23:06 IST" name="amazon-test" finished-at="2022-04-26T12:23:06 IST" duration-ms="91">
    <groups>
    </groups>
    <test started-at="2022-04-26T12:23:06 IST" name="Test" finished-at="2022-04-26T12:23:06 IST" duration-ms="91">
      <class name="tests.Amazon_test_1">
        <test-method signature="test1()[pri:0, instance:tests.Amazon_test_1@22fa55b2]" started-at="2022-04-26T12:23:06 IST" name="test1" finished-at="2022-04-26T12:23:06 IST" duration-ms="15" status="PASS">
          <reporter-output>
          </reporter-output>
        </test-method> <!-- test1 -->
        <test-method signature="test2()[pri:0, instance:tests.Amazon_test_1@22fa55b2]" started-at="2022-04-26T12:23:06 IST" name="test2" finished-at="2022-04-26T12:23:06 IST" duration-ms="2" status="PASS">
          <reporter-output>
          </reporter-output>
        </test-method> <!-- test2 -->
        <test-method signature="test3()[pri:0, instance:tests.Amazon_test_1@22fa55b2]" started-at="2022-04-26T12:23:06 IST" name="test3" finished-at="2022-04-26T12:23:06 IST" duration-ms="1" status="PASS">
          <reporter-output>
          </reporter-output>
        </test-method> <!-- test3 -->
      </class> <!-- tests.Amazon_test_1 -->
    </test> <!-- Test -->
  </suite> <!-- amazon-test -->
</testng-results>
